Arguments: 
  C:\Program Files\nodejs\node.exe C:\Users\bjorn\AppData\Roaming\npm\node_modules\yarn\bin\yarn.js install

PATH: 
  C:\Program Files (x86)\Common Files\Oracle\Java\javapath;C:\Windows\system32;C:\Windows;C:\Windows\System32\Wbem;C:\Windows\System32\WindowsPowerShell\v1.0\;C:\Windows\System32\OpenSSH\;C:\Program Files\nodejs\;C:\Program Files\Git\cmd;C:\Users\bjorn\AppData\Local\Programs\Python\Python37-32\Scripts\;C:\Users\bjorn\AppData\Local\Programs\Python\Python37-32\;C:\Program Files (x86)\ffmpeg-4.1\ffmpeg-20190225-f948082-win64-static\bin;C:\Program Files (x86)\Common Files\Oracle\Java\javapath;C:\Windows\system32;C:\Windows;C:\Windows\System32\Wbem;C:\Windows\System32\WindowsPowerShell\v1.0\;C:\Windows\System32\OpenSSH\;C:\Program Files\nodejs\;C:\Program Files\Git\cmd;C:\Users\bjorn\AppData\Local\Microsoft\WindowsApps;C:\Users\bjorn\AppData\Local\atom\bin;C:\Users\bjorn\AppData\Roaming\npm

Yarn version: 
  1.13.0

Node version: 
  10.15.1

Platform: 
  win32 x64

Trace: 
  SyntaxError: C:\Data\Github\rster2002.github.io\power\package.json: Unexpected token } in JSON at position 894
      at JSON.parse (<anonymous>)
      at C:\Users\bjorn\AppData\Roaming\npm\node_modules\yarn\lib\cli.js:1625:59
      at Generator.next (<anonymous>)
      at step (C:\Users\bjorn\AppData\Roaming\npm\node_modules\yarn\lib\cli.js:304:30)
      at C:\Users\bjorn\AppData\Roaming\npm\node_modules\yarn\lib\cli.js:315:13

npm manifest: 
  {
  	"name": "power",
  	"version": "1.0.0",
  	"description": "A fun side-project",
  	"main": "index.js",
  	"author": "rster2002",
  	"license": "MIT",
  	"scripts": {
  		"build": "webpack",
  		"serve": "webpack-dev-server"
  	},
  	"dependencies": {
  		"big-integer": "^1.6.41",
  		"marked": "^0.6.1",
  		"vue": "^2.6.6",
  		"vue-router": "^3.0.2",
  		"vuex": "^3.1.0"
  	},
  	"devDependencies": {
  		"@babel/core": "^7.3.3",
  		"@babel/preset-env": "^7.3.1",
  		"babel-loader": "^8.0.5",
  		"babel-polyfill": "^6.26.0",
  		"babel-preset-env": "^1.7.0",
  		"css-loader": "^2.1.0",
  		"desker": "^1.0.2",
  		"style-loader": "^0.23.1",
  		"stylus": "^0.54.5",
  		"stylus-loader": "^3.0.2",
  		"url-loader": "^1.1.2",
  		"vue-loader": "^15.6.4",
  		"vue-style-loader": "^4.1.2",
  		"vue-template-compiler": "^2.6.6",
  		"webpack": "^4.29.5",
  		"webpack-cli": "^3.2.3",
  		"webpack-dev-server": "^3.2.0",
  		"on-build-webpack": "^0.1.0",
  	}
  }

yarn manifest: 
  No manifest

Lockfile: 
  No lockfile
